Starting Backend Server...
INFO:     Will watch for changes in these directories: ["/home/student/Music/OKIDI-DON'T TOUCH/BAKO-AI-V0.0/back-end"]
INFO:     Uvicorn running on http://0.0.0.0:8000 (Press CTRL+C to quit)
INFO:     Started reloader process [47156] using WatchFiles
INFO:     Started server process [47158]
INFO:     Waiting for application startup.
INFO:     Application startup complete.
🏀 Starting Basketball Analysis API v1.0.0
✅ GPU acceleration enabled: NVIDIA GeForce RTX 4080 SUPER
INFO:     127.0.0.1:33368 - "GET /api/player/notifications HTTP/1.1" 200 OK
./start_server.sh: line 12: 47156 Killed                  uvicorn app.main:app --reload --host 0.0.0.0 --port 8000
INFO:     127.0.0.1:59506 - "GET /api/player/notifications HTTP/1.1" 200 OK
INFO:     127.0.0.1:44112 - "GET /api/player/notifications HTTP/1.1" 200 OK
INFO:     127.0.0.1:58092 - "GET /api/player/profile HTTP/1.1" 200 OK
INFO:     127.0.0.1:58104 - "GET /api/player/profile HTTP/1.1" 200 OK
INFO:     127.0.0.1:58110 - "GET /api/player/schedule HTTP/1.1" 200 OK
INFO:     127.0.0.1:58140 - "GET /api/player/training-videos HTTP/1.1" 200 OK
INFO:     127.0.0.1:58126 - "GET /api/player/schedule HTTP/1.1" 200 OK
INFO:     127.0.0.1:58154 - "GET /api/player/analysis HTTP/1.1" 200 OK
INFO:     127.0.0.1:58162 - "GET /api/player/training-videos HTTP/1.1" 200 OK
INFO:     127.0.0.1:58176 - "GET /api/player/analysis HTTP/1.1" 200 OK
INFO:     127.0.0.1:58178 - "GET /api/player/profile HTTP/1.1" 200 OK
INFO:     127.0.0.1:58194 - "GET /api/player/profile HTTP/1.1" 200 OK
INFO:     127.0.0.1:58202 - "GET /api/player/schedule HTTP/1.1" 200 OK
INFO:     127.0.0.1:58218 - "GET /api/player/training-videos HTTP/1.1" 200 OK
INFO:     127.0.0.1:58216 - "GET /api/player/schedule HTTP/1.1" 200 OK
INFO:     127.0.0.1:58234 - "GET /api/player/analysis HTTP/1.1" 200 OK
INFO:     127.0.0.1:58250 - "GET /api/player/profile HTTP/1.1" 200 OK
INFO:     127.0.0.1:58278 - "GET /api/player/training-videos HTTP/1.1" 200 OK
INFO:     127.0.0.1:58266 - "GET /api/player/analysis HTTP/1.1" 200 OK
INFO:     127.0.0.1:58294 - "GET /api/player/profile HTTP/1.1" 200 OK
INFO:     127.0.0.1:41038 - "GET /api/player/notifications HTTP/1.1" 200 OK
INFO:     127.0.0.1:41040 - "GET /api/player/schedule HTTP/1.1" 200 OK
INFO:     127.0.0.1:41054 - "GET /api/player/training-videos HTTP/1.1" 200 OK
INFO:     127.0.0.1:41048 - "GET /api/player/schedule HTTP/1.1" 200 OK
INFO:     127.0.0.1:41066 - "GET /api/player/analysis HTTP/1.1" 200 OK
INFO:     127.0.0.1:41078 - "GET /api/player/training-videos HTTP/1.1" 200 OK
INFO:     127.0.0.1:41094 - "GET /api/player/analysis HTTP/1.1" 200 OK
INFO:     127.0.0.1:41108 - "POST /api/player/analysis/trigger HTTP/1.1" 200 OK
PIPELINE LOADED FROM: /home/student/Music/OKIDI-DON'T TOUCH/BAKO-AI-V0.0/back-end/personal_analysis/pipeline.py
DEBUG: CWD = /home/student/Music/OKIDI-DON'T TOUCH/BAKO-AI-V0.0/back-end
DEBUG: FINAL BALL_RIM_MODEL: /home/student/Music/OKIDI-DON'T TOUCH/BAKO-AI-V0.0/back-end/models/swish_ball_rim.pt
DEBUG: FINAL POSE_MODEL: /home/student/Music/OKIDI-DON'T TOUCH/BAKO-AI-V0.0/back-end/models/swish_pose.pt
INFO:     127.0.0.1:41110 - "GET /api/player/analysis/7e247fc6-056d-4198-926c-676e4e518074 HTTP/1.1" 200 OK
INFO:     127.0.0.1:41112 - "GET /api/player/analysis/7e247fc6-056d-4198-926c-676e4e518074 HTTP/1.1" 200 OK
INFO:     127.0.0.1:34546 - "GET /api/player/analysis/7e247fc6-056d-4198-926c-676e4e518074 HTTP/1.1" 200 OK
INFO:     127.0.0.1:34548 - "GET /api/player/analysis/7e247fc6-056d-4198-926c-676e4e518074 HTTP/1.1" 200 OK
INFO:     127.0.0.1:34554 - "GET /api/player/analysis/7e247fc6-056d-4198-926c-676e4e518074 HTTP/1.1" 200 OK
INFO:     127.0.0.1:59216 - "GET /api/player/analysis/7e247fc6-056d-4198-926c-676e4e518074 HTTP/1.1" 200 OK
INFO:     127.0.0.1:59232 - "GET /api/player/analysis/7e247fc6-056d-4198-926c-676e4e518074 HTTP/1.1" 200 OK
[7e247fc6-056d-4198-926c-676e4e518074] Pipeline failed: [Errno 2] No such file or directory: '/home/student/Music/OKIDI-DONT TOUCH/BAKO-AI-V0.0/back-end/models/swish_ball_rim.pt'
Traceback (most recent call last):
  File "/home/student/Music/OKIDI-DON'T TOUCH/BAKO-AI-V0.0/back-end/personal_analysis/pipeline.py", line 274, in run_personal_analysis
    result = await loop.run_in_executor(
             ^^^^^^^^^^^^^^^^^^^^^^^^^^^
  File "/usr/lib/python3.12/concurrent/futures/thread.py", line 58, in run
    result = self.fn(*self.args, **self.kwargs)
             ^^^^^^^^^^^^^^^^^^^^^^^^^^^^^^^^^^
  File "/home/student/Music/OKIDI-DON'T TOUCH/BAKO-AI-V0.0/back-end/personal_analysis/pipeline.py", line 123, in _run_pipeline_sync
    ball_tracker = BallTracker(model_path=BALL_RIM_MODEL)
                   ^^^^^^^^^^^^^^^^^^^^^^^^^^^^^^^^^^^^^^
  File "/home/student/Music/OKIDI-DON'T TOUCH/BAKO-AI-V0.0/back-end/personal_analysis/trackers/ball_tracker.py", line 10, in __init__
    self.model = YOLO(model_path)
                 ^^^^^^^^^^^^^^^^
  File "/home/student/Music/OKIDI-DON'T TOUCH/BAKO-AI-V0.0/back-end/.venv/lib/python3.12/site-packages/ultralytics/models/yolo/model.py", line 76, in __init__
    super().__init__(model=model, task=task, verbose=verbose)
  File "/home/student/Music/OKIDI-DON'T TOUCH/BAKO-AI-V0.0/back-end/.venv/lib/python3.12/site-packages/ultralytics/engine/model.py", line 144, in __init__
    self._load(model, task=task)
  File "/home/student/Music/OKIDI-DON'T TOUCH/BAKO-AI-V0.0/back-end/.venv/lib/python3.12/site-packages/ultralytics/engine/model.py", line 283, in _load
    self.model, self.ckpt = load_checkpoint(weights)
                            ^^^^^^^^^^^^^^^^^^^^^^^^
  File "/home/student/Music/OKIDI-DON'T TOUCH/BAKO-AI-V0.0/back-end/.venv/lib/python3.12/site-packages/ultralytics/nn/tasks.py", line 1509, in load_checkpoint
    ckpt, weight = torch_safe_load(weight)  # load ckpt
                   ^^^^^^^^^^^^^^^^^^^^^^^
  File "/home/student/Music/OKIDI-DON'T TOUCH/BAKO-AI-V0.0/back-end/.venv/lib/python3.12/site-packages/ultralytics/nn/tasks.py", line 1457, in torch_safe_load
    ckpt = torch_load(file, map_location="cpu")
           ^^^^^^^^^^^^^^^^^^^^^^^^^^^^^^^^^^^^
  File "/home/student/Music/OKIDI-DON'T TOUCH/BAKO-AI-V0.0/back-end/.venv/lib/python3.12/site-packages/ultralytics/utils/patches.py", line 178, in torch_load
    return torch.load(*args, **kwargs)
           ^^^^^^^^^^^^^^^^^^^^^^^^^^^
  File "/home/student/Music/OKIDI-DON'T TOUCH/BAKO-AI-V0.0/back-end/.venv/lib/python3.12/site-packages/torch/serialization.py", line 1500, in load
    with _open_file_like(f, "rb") as opened_file:
         ^^^^^^^^^^^^^^^^^^^^^^^^
  File "/home/student/Music/OKIDI-DON'T TOUCH/BAKO-AI-V0.0/back-end/.venv/lib/python3.12/site-packages/torch/serialization.py", line 768, in _open_file_like
    return _open_file(name_or_buffer, mode)
           ^^^^^^^^^^^^^^^^^^^^^^^^^^^^^^^^
  File "/home/student/Music/OKIDI-DON'T TOUCH/BAKO-AI-V0.0/back-end/.venv/lib/python3.12/site-packages/torch/serialization.py", line 749, in __init__
    super().__init__(open(name, mode))  # noqa: SIM115
                     ^^^^^^^^^^^^^^^^
FileNotFoundError: [Errno 2] No such file or directory: '/home/student/Music/OKIDI-DONT TOUCH/BAKO-AI-V0.0/back-end/models/swish_ball_rim.pt'

INFO:     127.0.0.1:43036 - "GET /api/player/analysis/7e247fc6-056d-4198-926c-676e4e518074 HTTP/1.1" 200 OK
INFO:     127.0.0.1:43038 - "GET /api/player/notifications HTTP/1.1" 200 OK
INFO:     127.0.0.1:60098 - "GET /api/player/notifications HTTP/1.1" 200 OK
INFO:     127.0.0.1:60206 - "GET /api/player/notifications HTTP/1.1" 200 OK
INFO:     127.0.0.1:40484 - "GET /api/player/notifications HTTP/1.1" 200 OK
INFO:     127.0.0.1:58632 - "GET /api/player/notifications HTTP/1.1" 200 OK
INFO:     127.0.0.1:45478 - "GET /api/player/schedule HTTP/1.1" 200 OK
INFO:     127.0.0.1:45488 - "GET /api/player/training-videos HTTP/1.1" 200 OK
INFO:     127.0.0.1:45482 - "GET /api/player/schedule HTTP/1.1" 200 OK
INFO:     127.0.0.1:45504 - "GET /api/player/analysis HTTP/1.1" 200 OK
INFO:     127.0.0.1:45506 - "GET /api/player/training-videos HTTP/1.1" 200 OK
INFO:     127.0.0.1:45508 - "GET /api/player/analysis HTTP/1.1" 200 OK
INFO:     127.0.0.1:60778 - "GET /api/player/notifications HTTP/1.1" 200 OK
INFO:     127.0.0.1:60794 - "POST /api/player/analysis/trigger HTTP/1.1" 200 OK
INFO:     127.0.0.1:60796 - "GET /api/player/analysis/9c7505ca-bb97-4ee2-849b-09a0f2202299 HTTP/1.1" 200 OK
INFO:     127.0.0.1:60806 - "GET /api/player/analysis/9c7505ca-bb97-4ee2-849b-09a0f2202299 HTTP/1.1" 200 OK
[9c7505ca-bb97-4ee2-849b-09a0f2202299] Pipeline failed: [Errno 2] No such file or directory: '/home/student/Music/OKIDI-DONT TOUCH/BAKO-AI-V0.0/back-end/models/swish_ball_rim.pt'
Traceback (most recent call last):
  File "/home/student/Music/OKIDI-DON'T TOUCH/BAKO-AI-V0.0/back-end/personal_analysis/pipeline.py", line 274, in run_personal_analysis
    "issues": issues,
         ^^^^^^^^^^^^
  File "/usr/lib/python3.12/concurrent/futures/thread.py", line 58, in run
    result = self.fn(*self.args, **self.kwargs)
             ^^^^^^^^^^^^^^^^^^^^^^^^^^^^^^^^^^
  File "/home/student/Music/OKIDI-DON'T TOUCH/BAKO-AI-V0.0/back-end/personal_analysis/pipeline.py", line 123, in _run_pipeline_sync
    from personal_analysis.utils.ball_hand import ball_hand, shot_started
                   ^^^^^^^^^^^^^^^^^^^^^^^^^^^^^^^^^^^^^^
  File "/home/student/Music/OKIDI-DON'T TOUCH/BAKO-AI-V0.0/back-end/personal_analysis/trackers/ball_tracker.py", line 10, in __init__
    self.model = YOLO(model_path)
                 ^^^^^^^^^^^^^^^^
  File "/home/student/Music/OKIDI-DON'T TOUCH/BAKO-AI-V0.0/back-end/.venv/lib/python3.12/site-packages/ultralytics/models/yolo/model.py", line 76, in __init__
    super().__init__(model=model, task=task, verbose=verbose)
  File "/home/student/Music/OKIDI-DON'T TOUCH/BAKO-AI-V0.0/back-end/.venv/lib/python3.12/site-packages/ultralytics/engine/model.py", line 144, in __init__
    self._load(model, task=task)
  File "/home/student/Music/OKIDI-DON'T TOUCH/BAKO-AI-V0.0/back-end/.venv/lib/python3.12/site-packages/ultralytics/engine/model.py", line 283, in _load
    self.model, self.ckpt = load_checkpoint(weights)
                            ^^^^^^^^^^^^^^^^^^^^^^^^
  File "/home/student/Music/OKIDI-DON'T TOUCH/BAKO-AI-V0.0/back-end/.venv/lib/python3.12/site-packages/ultralytics/nn/tasks.py", line 1509, in load_checkpoint
    ckpt, weight = torch_safe_load(weight)  # load ckpt
                   ^^^^^^^^^^^^^^^^^^^^^^^
  File "/home/student/Music/OKIDI-DON'T TOUCH/BAKO-AI-V0.0/back-end/.venv/lib/python3.12/site-packages/ultralytics/nn/tasks.py", line 1457, in torch_safe_load
    ckpt = torch_load(file, map_location="cpu")
           ^^^^^^^^^^^^^^^^^^^^^^^^^^^^^^^^^^^^
  File "/home/student/Music/OKIDI-DON'T TOUCH/BAKO-AI-V0.0/back-end/.venv/lib/python3.12/site-packages/ultralytics/utils/patches.py", line 178, in torch_load
    return torch.load(*args, **kwargs)
           ^^^^^^^^^^^^^^^^^^^^^^^^^^^
  File "/home/student/Music/OKIDI-DON'T TOUCH/BAKO-AI-V0.0/back-end/.venv/lib/python3.12/site-packages/torch/serialization.py", line 1500, in load
    with _open_file_like(f, "rb") as opened_file:
         ^^^^^^^^^^^^^^^^^^^^^^^^
  File "/home/student/Music/OKIDI-DON'T TOUCH/BAKO-AI-V0.0/back-end/.venv/lib/python3.12/site-packages/torch/serialization.py", line 768, in _open_file_like
    return _open_file(name_or_buffer, mode)
           ^^^^^^^^^^^^^^^^^^^^^^^^^^^^^^^^
  File "/home/student/Music/OKIDI-DON'T TOUCH/BAKO-AI-V0.0/back-end/.venv/lib/python3.12/site-packages/torch/serialization.py", line 749, in __init__
    super().__init__(open(name, mode))  # noqa: SIM115
                     ^^^^^^^^^^^^^^^^
FileNotFoundError: [Errno 2] No such file or directory: '/home/student/Music/OKIDI-DONT TOUCH/BAKO-AI-V0.0/back-end/models/swish_ball_rim.pt'

INFO:     127.0.0.1:52536 - "GET /api/player/analysis/9c7505ca-bb97-4ee2-849b-09a0f2202299 HTTP/1.1" 200 OK
INFO:     127.0.0.1:50850 - "GET /api/player/notifications HTTP/1.1" 200 OK
INFO:     127.0.0.1:35584 - "GET /api/player/notifications HTTP/1.1" 200 OK
INFO:     127.0.0.1:54880 - "GET /api/player/notifications HTTP/1.1" 200 OK
INFO:     127.0.0.1:55006 - "GET /api/player/notifications HTTP/1.1" 200 OK
INFO:     127.0.0.1:49136 - "GET /api/player/notifications HTTP/1.1" 200 OK
INFO:     127.0.0.1:47294 - "GET /api/player/schedule HTTP/1.1" 200 OK
INFO:     127.0.0.1:47320 - "GET /api/player/training-videos HTTP/1.1" 200 OK
INFO:     127.0.0.1:47306 - "GET /api/player/schedule HTTP/1.1" 200 OK
INFO:     127.0.0.1:47326 - "GET /api/player/analysis HTTP/1.1" 200 OK
INFO:     127.0.0.1:47322 - "GET /api/player/training-videos HTTP/1.1" 200 OK
INFO:     127.0.0.1:47330 - "GET /api/player/analysis HTTP/1.1" 200 OK
INFO:     127.0.0.1:56578 - "POST /api/player/analysis/trigger HTTP/1.1" 200 OK
INFO:     127.0.0.1:56590 - "GET /api/player/analysis/ee05dbdc-02df-475e-bf68-bc2ae8b4513c HTTP/1.1" 200 OK
INFO:     127.0.0.1:56594 - "GET /api/player/analysis/ee05dbdc-02df-475e-bf68-bc2ae8b4513c HTTP/1.1" 200 OK
is cuda available? True

0: 640x384 1 rim, 1.2ms
1: 640x384 1 rim, 1.2ms
2: 640x384 1 rim, 1.2ms
3: 640x384 2 rims, 1.2ms
4: 640x384 2 rims, 1.2ms
5: 640x384 2 rims, 1.2ms
6: 640x384 1 rim, 1.2ms
7: 640x384 1 rim, 1.2ms
8: 640x384 1 rim, 1.2ms
9: 640x384 1 rim, 1.2ms
10: 640x384 1 rim, 1.2ms
11: 640x384 1 rim, 1.2ms
12: 640x384 1 basketball, 1 rim, 1.2ms
13: 640x384 1 basketball, 1 rim, 1.2ms
14: 640x384 1 rim, 1.2ms
15: 640x384 1 rim, 1.2ms
16: 640x384 1 rim, 1.2ms
17: 640x384 1 rim, 1.2ms
18: 640x384 1 rim, 1.2ms
19: 640x384 1 rim, 1.2ms
Speed: 0.9ms preprocess, 1.2ms inference, 0.6ms postprocess per image at shape (1, 3, 640, 384)

0: 640x384 1 rim, 0.4ms
1: 640x384 1 rim, 0.4ms
2: 640x384 1 rim, 0.4ms
3: 640x384 1 rim, 0.4ms
4: 640x384 1 rim, 0.4ms
5: 640x384 1 rim, 0.4ms
6: 640x384 1 rim, 0.4ms
7: 640x384 1 rim, 0.4ms
8: 640x384 1 rim, 0.4ms
9: 640x384 1 rim, 0.4ms
10: 640x384 1 rim, 0.4ms
11: 640x384 1 rim, 0.4ms
12: 640x384 1 rim, 0.4ms
13: 640x384 1 rim, 0.4ms
14: 640x384 1 rim, 0.4ms
15: 640x384 1 rim, 0.4ms
16: 640x384 1 rim, 0.4ms
17: 640x384 1 rim, 0.4ms
18: 640x384 1 rim, 0.4ms
19: 640x384 1 rim, 0.4ms
Speed: 1.0ms preprocess, 0.4ms inference, 0.2ms postprocess per image at shape (1, 3, 640, 384)

0: 640x384 1 rim, 0.4ms
1: 640x384 1 rim, 0.4ms
2: 640x384 1 rim, 0.4ms
3: 640x384 1 rim, 0.4ms
4: 640x384 1 rim, 0.4ms
5: 640x384 1 rim, 0.4ms
6: 640x384 1 rim, 0.4ms
7: 640x384 1 rim, 0.4ms
8: 640x384 1 rim, 0.4ms
9: 640x384 1 rim, 0.4ms
10: 640x384 1 rim, 0.4ms
11: 640x384 1 rim, 0.4ms
12: 640x384 1 rim, 0.4ms
13: 640x384 1 rim, 0.4ms
14: 640x384 1 rim, 0.4ms
15: 640x384 1 rim, 0.4ms
16: 640x384 1 rim, 0.4ms
17: 640x384 1 rim, 0.4ms
18: 640x384 1 rim, 0.4ms
19: 640x384 1 rim, 0.4ms
Speed: 0.9ms preprocess, 0.4ms inference, 0.2ms postprocess per image at shape (1, 3, 640, 384)

0: 640x384 1 rim, 0.4ms
1: 640x384 1 rim, 0.4ms
2: 640x384 1 basketball, 1 rim, 0.4ms
3: 640x384 1 rim, 0.4ms
4: 640x384 1 rim, 0.4ms
5: 640x384 1 rim, 0.4ms
6: 640x384 1 rim, 0.4ms
7: 640x384 1 rim, 0.4ms
8: 640x384 1 rim, 0.4ms
9: 640x384 1 rim, 0.4ms
10: 640x384 1 rim, 0.4ms
11: 640x384 1 rim, 0.4ms
12: 640x384 1 rim, 0.4ms
13: 640x384 1 rim, 0.4ms
14: 640x384 1 basketball, 1 rim, 0.4ms
15: 640x384 1 basketball, 1 rim, 0.4ms
16: 640x384 1 basketball, 1 rim, 0.4ms
17: 640x384 1 basketball, 1 rim, 0.4ms
18: 640x384 1 rim, 0.4ms
19: 640x384 1 basketball, 1 rim, 0.4ms
Speed: 0.9ms preprocess, 0.4ms inference, 0.2ms postprocess per image at shape (1, 3, 640, 384)

0: 640x384 1 basketball, 1 rim, 0.4ms
1: 640x384 1 rim, 0.4ms
2: 640x384 1 rim, 0.4ms
3: 640x384 1 basketball, 1 rim, 0.4ms
4: 640x384 1 basketball, 1 rim, 0.4ms
5: 640x384 1 basketball, 1 rim, 0.4ms
6: 640x384 1 basketball, 1 rim, 0.4ms
7: 640x384 1 basketball, 1 rim, 0.4ms
8: 640x384 1 basketball, 1 rim, 0.4ms
9: 640x384 1 basketball, 1 rim, 0.4ms
10: 640x384 1 basketball, 1 rim, 0.4ms
11: 640x384 1 basketball, 3 rims, 0.4ms
12: 640x384 1 basketball, 2 rims, 0.4ms
13: 640x384 1 basketball, 1 rim, 0.4ms
14: 640x384 1 basketball, 1 rim, 0.4ms
15: 640x384 1 basketball, 1 rim, 0.4ms
16: 640x384 1 basketball, 1 rim, 0.4ms
17: 640x384 1 basketball, 1 rim, 0.4ms
18: 640x384 1 basketball, 1 rim, 0.4ms
19: 640x384 1 basketball, 1 rim, 0.4ms
Speed: 0.9ms preprocess, 0.4ms inference, 0.2ms postprocess per image at shape (1, 3, 640, 384)

0: 640x384 1 basketball, 1 rim, 0.4ms
1: 640x384 1 basketball, 1 rim, 0.4ms
2: 640x384 1 basketball, 1 rim, 0.4ms
3: 640x384 1 basketball, 1 rim, 0.4ms
4: 640x384 1 basketball, 1 rim, 0.4ms
5: 640x384 1 basketball, 1 rim, 0.4ms
6: 640x384 1 basketball, 1 rim, 0.4ms
7: 640x384 1 basketball, 1 rim, 0.4ms
8: 640x384 1 basketball, 1 rim, 0.4ms
9: 640x384 1 basketball, 1 rim, 0.4ms
10: 640x384 1 basketball, 2 rims, 0.4ms
11: 640x384 2 basketballs, 1 rim, 0.4ms
12: 640x384 1 basketball, 2 rims, 0.4ms
13: 640x384 1 basketball, 2 rims, 0.4ms
14: 640x384 1 basketball, 1 rim, 0.4ms
15: 640x384 1 basketball, 1 rim, 0.4ms
16: 640x384 2 basketballs, 1 rim, 0.4ms
17: 640x384 2 basketballs, 1 rim, 0.4ms
18: 640x384 1 basketball, 1 rim, 0.4ms
19: 640x384 1 basketball, 1 rim, 0.4ms
Speed: 0.9ms preprocess, 0.4ms inference, 0.2ms postprocess per image at shape (1, 3, 640, 384)

0: 640x384 1 basketball, 1 rim, 0.4ms
1: 640x384 1 basketball, 1 rim, 0.4ms
2: 640x384 1 basketball, 1 rim, 0.4ms
3: 640x384 1 basketball, 1 rim, 0.4ms
4: 640x384 1 basketball, 1 rim, 0.4ms
5: 640x384 1 basketball, 1 rim, 0.4ms
6: 640x384 1 basketball, 1 rim, 0.4ms
7: 640x384 1 basketball, 1 rim, 0.4ms
8: 640x384 1 basketball, 1 rim, 0.4ms
9: 640x384 1 basketball, 1 rim, 0.4ms
10: 640x384 1 basketball, 1 rim, 0.4ms
11: 640x384 1 basketball, 1 rim, 0.4ms
12: 640x384 1 basketball, 1 rim, 0.4ms
13: 640x384 1 basketball, 1 rim, 0.4ms
14: 640x384 2 basketballs, 1 rim, 0.4ms
15: 640x384 1 basketball, 1 rim, 0.4ms
16: 640x384 2 basketballs, 1 rim, 0.4ms
17: 640x384 1 basketball, 1 rim, 0.4ms
18: 640x384 1 basketball, 1 rim, 0.4ms
19: 640x384 1 basketball, 1 rim, 0.4ms
Speed: 0.8ms preprocess, 0.4ms inference, 0.2ms postprocess per image at shape (1, 3, 640, 384)

0: 640x384 2 basketballs, 1 rim, 0.4ms
1: 640x384 1 basketball, 1 rim, 0.4ms
2: 640x384 1 basketball, 1 rim, 0.4ms
3: 640x384 1 basketball, 1 rim, 0.4ms
4: 640x384 1 basketball, 1 rim, 0.4ms
5: 640x384 1 basketball, 1 rim, 0.4ms
6: 640x384 1 basketball, 1 rim, 0.4ms
7: 640x384 1 basketball, 1 rim, 0.4ms
8: 640x384 1 basketball, 1 rim, 0.4ms
9: 640x384 1 basketball, 1 rim, 0.4ms
10: 640x384 1 basketball, 1 rim, 0.4ms
11: 640x384 1 basketball, 1 rim, 0.4ms
12: 640x384 2 basketballs, 1 rim, 0.4ms
13: 640x384 1 basketball, 1 rim, 0.4ms
14: 640x384 1 basketball, 1 rim, 0.4ms
15: 640x384 1 basketball, 1 rim, 0.4ms
16: 640x384 1 basketball, 1 rim, 0.4ms
17: 640x384 1 basketball, 1 rim, 0.4ms
18: 640x384 2 basketballs, 1 rim, 0.4ms
19: 640x384 1 basketball, 1 rim, 0.4ms
Speed: 0.8ms preprocess, 0.4ms inference, 0.2ms postprocess per image at shape (1, 3, 640, 384)

0: 640x384 1 basketball, 1 rim, 0.3ms
1: 640x384 1 basketball, 1 rim, 0.3ms
2: 640x384 1 basketball, 1 rim, 0.3ms
3: 640x384 1 basketball, 1 rim, 0.3ms
4: 640x384 1 basketball, 1 rim, 0.3ms
5: 640x384 1 basketball, 1 rim, 0.3ms
6: 640x384 1 basketball, 1 rim, 0.3ms
7: 640x384 1 basketball, 1 rim, 0.3ms
8: 640x384 1 basketball, 1 rim, 0.3ms
9: 640x384 1 basketball, 1 rim, 0.3ms
10: 640x384 1 basketball, 1 rim, 0.3ms
11: 640x384 1 basketball, 1 rim, 0.3ms
12: 640x384 1 basketball, 1 rim, 0.3ms
13: 640x384 1 basketball, 1 rim, 0.3ms
14: 640x384 1 basketball, 1 rim, 0.3ms
15: 640x384 1 basketball, 1 rim, 0.3ms
16: 640x384 1 basketball, 1 rim, 0.3ms
17: 640x384 1 basketball, 1 rim, 0.3ms
18: 640x384 1 basketball, 1 rim, 0.3ms
19: 640x384 1 basketball, 1 rim, 0.3ms
Speed: 0.8ms preprocess, 0.3ms inference, 0.2ms postprocess per image at shape (1, 3, 640, 384)

0: 640x384 1 basketball, 1 rim, 1.7ms
1: 640x384 1 basketball, 1 rim, 1.7ms
2: 640x384 1 basketball, 1 rim, 1.7ms
3: 640x384 1 basketball, 1 rim, 1.7ms
4: 640x384 1 basketball, 1 rim, 1.7ms
5: 640x384 2 basketballs, 1 rim, 1.7ms
6: 640x384 2 basketballs, 1 rim, 1.7ms
7: 640x384 1 basketball, 1 rim, 1.7ms
8: 640x384 1 basketball, 1 rim, 1.7ms
9: 640x384 1 basketball, 1 rim, 1.7ms
10: 640x384 1 basketball, 1 rim, 1.7ms
11: 640x384 1 basketball, 1 rim, 1.7ms
Speed: 0.8ms preprocess, 1.7ms inference, 0.2ms postprocess per image at shape (1, 3, 640, 384)
is cuda available? True

0: 640x384 1 person, 2.6ms
1: 640x384 1 person, 2.6ms
2: 640x384 1 person, 2.6ms
3: 640x384 1 person, 2.6ms
4: 640x384 1 person, 2.6ms
5: 640x384 1 person, 2.6ms
6: 640x384 1 person, 2.6ms
7: 640x384 1 person, 2.6ms
8: 640x384 1 person, 2.6ms
9: 640x384 1 person, 2.6ms
10: 640x384 1 person, 2.6ms
11: 640x384 1 person, 2.6ms
12: 640x384 1 person, 2.6ms
13: 640x384 1 person, 2.6ms
14: 640x384 1 person, 2.6ms
15: 640x384 1 person, 2.6ms
16: 640x384 1 person, 2.6ms
17: 640x384 1 person, 2.6ms
18: 640x384 1 person, 2.6ms
19: 640x384 1 person, 2.6ms
Speed: 0.8ms preprocess, 2.6ms inference, 0.3ms postprocess per image at shape (1, 3, 640, 384)

0: 640x384 1 person, 2.5ms
1: 640x384 1 person, 2.5ms
2: 640x384 1 person, 2.5ms
3: 640x384 1 person, 2.5ms
4: 640x384 1 person, 2.5ms
5: 640x384 1 person, 2.5ms
6: 640x384 1 person, 2.5ms
7: 640x384 1 person, 2.5ms
8: 640x384 1 person, 2.5ms
9: 640x384 1 person, 2.5ms
10: 640x384 1 person, 2.5ms
11: 640x384 1 person, 2.5ms
12: 640x384 1 person, 2.5ms
13: 640x384 1 person, 2.5ms
14: 640x384 1 person, 2.5ms
15: 640x384 1 person, 2.5ms
16: 640x384 1 person, 2.5ms
17: 640x384 1 person, 2.5ms
18: 640x384 1 person, 2.5ms
19: 640x384 1 person, 2.5ms
Speed: 0.9ms preprocess, 2.5ms inference, 0.2ms postprocess per image at shape (1, 3, 640, 384)

0: 640x384 1 person, 2.5ms
1: 640x384 1 person, 2.5ms
2: 640x384 1 person, 2.5ms
3: 640x384 1 person, 2.5ms
4: 640x384 1 person, 2.5ms
5: 640x384 1 person, 2.5ms
6: 640x384 1 person, 2.5ms
7: 640x384 1 person, 2.5ms
8: 640x384 1 person, 2.5ms
9: 640x384 1 person, 2.5ms
10: 640x384 1 person, 2.5ms
11: 640x384 1 person, 2.5ms
12: 640x384 1 person, 2.5ms
13: 640x384 1 person, 2.5ms
14: 640x384 1 person, 2.5ms
15: 640x384 1 person, 2.5ms
16: 640x384 1 person, 2.5ms
17: 640x384 1 person, 2.5ms
18: 640x384 1 person, 2.5ms
19: 640x384 1 person, 2.5ms
Speed: 0.8ms preprocess, 2.5ms inference, 0.3ms postprocess per image at shape (1, 3, 640, 384)

0: 640x384 1 person, 2.4ms
1: 640x384 1 person, 2.4ms
2: 640x384 1 person, 2.4ms
3: 640x384 1 person, 2.4ms
4: 640x384 1 person, 2.4ms
5: 640x384 1 person, 2.4ms
6: 640x384 1 person, 2.4ms
7: 640x384 1 person, 2.4ms
8: 640x384 1 person, 2.4ms
9: 640x384 1 person, 2.4ms
10: 640x384 1 person, 2.4ms
11: 640x384 1 person, 2.4ms
12: 640x384 1 person, 2.4ms
13: 640x384 1 person, 2.4ms
14: 640x384 1 person, 2.4ms
15: 640x384 1 person, 2.4ms
16: 640x384 1 person, 2.4ms
17: 640x384 1 person, 2.4ms
18: 640x384 1 person, 2.4ms
19: 640x384 1 person, 2.4ms
Speed: 0.8ms preprocess, 2.4ms inference, 0.2ms postprocess per image at shape (1, 3, 640, 384)

0: 640x384 1 person, 2.4ms
1: 640x384 1 person, 2.4ms
2: 640x384 1 person, 2.4ms
3: 640x384 1 person, 2.4ms
4: 640x384 1 person, 2.4ms
5: 640x384 1 person, 2.4ms
6: 640x384 1 person, 2.4ms
7: 640x384 1 person, 2.4ms
8: 640x384 1 person, 2.4ms
9: 640x384 1 person, 2.4ms
10: 640x384 1 person, 2.4ms
11: 640x384 1 person, 2.4ms
12: 640x384 1 person, 2.4ms
13: 640x384 1 person, 2.4ms
14: 640x384 1 person, 2.4ms
15: 640x384 1 person, 2.4ms
16: 640x384 1 person, 2.4ms
17: 640x384 1 person, 2.4ms
18: 640x384 1 person, 2.4ms
19: 640x384 1 person, 2.4ms
Speed: 0.8ms preprocess, 2.4ms inference, 0.3ms postprocess per image at shape (1, 3, 640, 384)

0: 640x384 1 person, 2.4ms
1: 640x384 1 person, 2.4ms
2: 640x384 1 person, 2.4ms
3: 640x384 1 person, 2.4ms
4: 640x384 1 person, 2.4ms
5: 640x384 1 person, 2.4ms
6: 640x384 1 person, 2.4ms
7: 640x384 1 person, 2.4ms
8: 640x384 1 person, 2.4ms
9: 640x384 1 person, 2.4ms
10: 640x384 1 person, 2.4ms
11: 640x384 1 person, 2.4ms
12: 640x384 1 person, 2.4ms
13: 640x384 1 person, 2.4ms
14: 640x384 1 person, 2.4ms
15: 640x384 1 person, 2.4ms
16: 640x384 1 person, 2.4ms
17: 640x384 1 person, 2.4ms
18: 640x384 1 person, 2.4ms
19: 640x384 1 person, 2.4ms
Speed: 0.8ms preprocess, 2.4ms inference, 0.2ms postprocess per image at shape (1, 3, 640, 384)

0: 640x384 1 person, 2.4ms
1: 640x384 1 person, 2.4ms
2: 640x384 1 person, 2.4ms
3: 640x384 1 person, 2.4ms
4: 640x384 1 person, 2.4ms
5: 640x384 1 person, 2.4ms
6: 640x384 1 person, 2.4ms
7: 640x384 1 person, 2.4ms
8: 640x384 1 person, 2.4ms
9: 640x384 1 person, 2.4ms
10: 640x384 1 person, 2.4ms
11: 640x384 1 person, 2.4ms
12: 640x384 1 person, 2.4ms
13: 640x384 1 person, 2.4ms
14: 640x384 1 person, 2.4ms
15: 640x384 1 person, 2.4ms
16: 640x384 1 person, 2.4ms
17: 640x384 1 person, 2.4ms
18: 640x384 1 person, 2.4ms
19: 640x384 1 person, 2.4ms
Speed: 0.8ms preprocess, 2.4ms inference, 0.3ms postprocess per image at shape (1, 3, 640, 384)

0: 640x384 1 person, 2.5ms
1: 640x384 1 person, 2.5ms
2: 640x384 1 person, 2.5ms
3: 640x384 1 person, 2.5ms
4: 640x384 1 person, 2.5ms
5: 640x384 1 person, 2.5ms
6: 640x384 1 person, 2.5ms
7: 640x384 1 person, 2.5ms
8: 640x384 1 person, 2.5ms
9: 640x384 1 person, 2.5ms
10: 640x384 1 person, 2.5ms
11: 640x384 1 person, 2.5ms
12: 640x384 1 person, 2.5ms
13: 640x384 1 person, 2.5ms
14: 640x384 1 person, 2.5ms
15: 640x384 1 person, 2.5ms
16: 640x384 1 person, 2.5ms
17: 640x384 1 person, 2.5ms
18: 640x384 1 person, 2.5ms
19: 640x384 1 person, 2.5ms
Speed: 0.8ms preprocess, 2.5ms inference, 0.3ms postprocess per image at shape (1, 3, 640, 384)

0: 640x384 1 person, 2.4ms
1: 640x384 1 person, 2.4ms
2: 640x384 1 person, 2.4ms
3: 640x384 1 person, 2.4ms
4: 640x384 1 person, 2.4ms
5: 640x384 1 person, 2.4ms
6: 640x384 1 person, 2.4ms
7: 640x384 1 person, 2.4ms
8: 640x384 1 person, 2.4ms
9: 640x384 1 person, 2.4ms
10: 640x384 1 person, 2.4ms
11: 640x384 1 person, 2.4ms
12: 640x384 1 person, 2.4ms
13: 640x384 1 person, 2.4ms
14: 640x384 1 person, 2.4ms
15: 640x384 1 person, 2.4ms
16: 640x384 1 person, 2.4ms
17: 640x384 1 person, 2.4ms
18: 640x384 1 person, 2.4ms
19: 640x384 1 person, 2.4ms
Speed: 0.8ms preprocess, 2.4ms inference, 0.2ms postprocess per image at shape (1, 3, 640, 384)

0: 640x384 1 person, 2.3ms
1: 640x384 1 person, 2.3ms
2: 640x384 1 person, 2.3ms
3: 640x384 1 person, 2.3ms
4: 640x384 1 person, 2.3ms
5: 640x384 1 person, 2.3ms
6: 640x384 1 person, 2.3ms
7: 640x384 1 person, 2.3ms
8: 640x384 1 person, 2.3ms
9: 640x384 1 person, 2.3ms
10: 640x384 1 person, 2.3ms
11: 640x384 1 person, 2.3ms
Speed: 0.8ms preprocess, 2.3ms inference, 0.2ms postprocess per image at shape (1, 3, 640, 384)

0: 640x384 1 court, 6.4ms
1: 640x384 1 court, 6.4ms
2: 640x384 1 court, 6.4ms
3: 640x384 1 court, 6.4ms
4: 640x384 1 court, 6.4ms
5: 640x384 1 court, 6.4ms
6: 640x384 1 court, 6.4ms
7: 640x384 (no detections), 6.4ms
8: 640x384 (no detections), 6.4ms
9: 640x384 1 court, 6.4ms
10: 640x384 1 court, 6.4ms
11: 640x384 1 court, 6.4ms
12: 640x384 1 court, 6.4ms
13: 640x384 1 court, 6.4ms
14: 640x384 1 court, 6.4ms
15: 640x384 (no detections), 6.4ms
16: 640x384 1 court, 6.4ms
17: 640x384 1 court, 6.4ms
18: 640x384 1 court, 6.4ms
19: 640x384 1 court, 6.4ms
Speed: 0.7ms preprocess, 6.4ms inference, 0.2ms postprocess per image at shape (1, 3, 640, 384)

0: 640x384 1 court, 6.4ms
1: 640x384 1 court, 6.4ms
2: 640x384 1 court, 6.4ms
3: 640x384 1 court, 6.4ms
4: 640x384 1 court, 6.4ms
5: 640x384 1 court, 6.4ms
6: 640x384 1 court, 6.4ms
7: 640x384 1 court, 6.4ms
8: 640x384 1 court, 6.4ms
9: 640x384 1 court, 6.4ms
10: 640x384 1 court, 6.4ms
11: 640x384 1 court, 6.4ms
12: 640x384 1 court, 6.4ms
13: 640x384 1 court, 6.4ms
14: 640x384 1 court, 6.4ms
15: 640x384 1 court, 6.4ms
16: 640x384 1 court, 6.4ms
17: 640x384 1 court, 6.4ms
18: 640x384 1 court, 6.4ms
19: 640x384 1 court, 6.4ms
Speed: 0.7ms preprocess, 6.4ms inference, 0.2ms postprocess per image at shape (1, 3, 640, 384)

0: 640x384 1 court, 6.3ms
1: 640x384 1 court, 6.3ms
2: 640x384 1 court, 6.3ms
3: 640x384 1 court, 6.3ms
4: 640x384 1 court, 6.3ms
5: 640x384 1 court, 6.3ms
6: 640x384 1 court, 6.3ms
7: 640x384 1 court, 6.3ms
8: 640x384 1 court, 6.3ms
9: 640x384 1 court, 6.3ms
10: 640x384 1 court, 6.3ms
11: 640x384 1 court, 6.3ms
12: 640x384 1 court, 6.3ms
13: 640x384 1 court, 6.3ms
14: 640x384 1 court, 6.3ms
15: 640x384 1 court, 6.3ms
16: 640x384 1 court, 6.3ms
17: 640x384 1 court, 6.3ms
18: 640x384 1 court, 6.3ms
19: 640x384 1 court, 6.3ms
Speed: 0.7ms preprocess, 6.3ms inference, 0.2ms postprocess per image at shape (1, 3, 640, 384)

0: 640x384 1 court, 6.3ms
1: 640x384 1 court, 6.3ms
2: 640x384 1 court, 6.3ms
3: 640x384 1 court, 6.3ms
4: 640x384 1 court, 6.3ms
5: 640x384 1 court, 6.3ms
6: 640x384 1 court, 6.3ms
7: 640x384 1 court, 6.3ms
8: 640x384 1 court, 6.3ms
9: 640x384 1 court, 6.3ms
10: 640x384 1 court, 6.3ms
11: 640x384 1 court, 6.3ms
12: 640x384 1 court, 6.3ms
13: 640x384 1 court, 6.3ms
14: 640x384 1 court, 6.3ms
15: 640x384 1 court, 6.3ms
16: 640x384 1 court, 6.3ms
17: 640x384 1 court, 6.3ms
18: 640x384 1 court, 6.3ms
19: 640x384 1 court, 6.3ms
Speed: 0.7ms preprocess, 6.3ms inference, 0.3ms postprocess per image at shape (1, 3, 640, 384)

0: 640x384 1 court, 6.3ms
1: 640x384 1 court, 6.3ms
2: 640x384 1 court, 6.3ms
3: 640x384 1 court, 6.3ms
4: 640x384 1 court, 6.3ms
5: 640x384 1 court, 6.3ms
6: 640x384 1 court, 6.3ms
7: 640x384 1 court, 6.3ms
8: 640x384 1 court, 6.3ms
9: 640x384 1 court, 6.3ms
10: 640x384 1 court, 6.3ms
11: 640x384 1 court, 6.3ms
12: 640x384 1 court, 6.3ms
13: 640x384 1 court, 6.3ms
14: 640x384 1 court, 6.3ms
15: 640x384 1 court, 6.3ms
16: 640x384 1 court, 6.3ms
17: 640x384 1 court, 6.3ms
18: 640x384 1 court, 6.3ms
19: 640x384 1 court, 6.3ms
Speed: 0.7ms preprocess, 6.3ms inference, 0.3ms postprocess per image at shape (1, 3, 640, 384)

0: 640x384 1 court, 6.3ms
1: 640x384 1 court, 6.3ms
2: 640x384 1 court, 6.3ms
3: 640x384 1 court, 6.3ms
4: 640x384 1 court, 6.3ms
5: 640x384 1 court, 6.3ms
6: 640x384 1 court, 6.3ms
7: 640x384 1 court, 6.3ms
8: 640x384 1 court, 6.3ms
9: 640x384 1 court, 6.3ms
10: 640x384 1 court, 6.3ms
11: 640x384 1 court, 6.3ms
12: 640x384 1 court, 6.3ms
13: 640x384 1 court, 6.3ms
14: 640x384 1 court, 6.3ms
15: 640x384 1 court, 6.3ms
16: 640x384 1 court, 6.3ms
17: 640x384 1 court, 6.3ms
18: 640x384 1 court, 6.3ms
19: 640x384 1 court, 6.3ms
Speed: 0.7ms preprocess, 6.3ms inference, 0.2ms postprocess per image at shape (1, 3, 640, 384)

0: 640x384 1 court, 6.3ms
1: 640x384 1 court, 6.3ms
2: 640x384 1 court, 6.3ms
3: 640x384 1 court, 6.3ms
4: 640x384 1 court, 6.3ms
5: 640x384 1 court, 6.3ms
6: 640x384 1 court, 6.3ms
7: 640x384 1 court, 6.3ms
8: 640x384 1 court, 6.3ms
9: 640x384 1 court, 6.3ms
10: 640x384 1 court, 6.3ms
11: 640x384 1 court, 6.3ms
12: 640x384 1 court, 6.3ms
13: 640x384 1 court, 6.3ms
14: 640x384 1 court, 6.3ms
15: 640x384 1 court, 6.3ms
16: 640x384 1 court, 6.3ms
17: 640x384 1 court, 6.3ms
18: 640x384 1 court, 6.3ms
19: 640x384 1 court, 6.3ms
Speed: 0.7ms preprocess, 6.3ms inference, 0.2ms postprocess per image at shape (1, 3, 640, 384)

0: 640x384 (no detections), 6.3ms
1: 640x384 1 court, 6.3ms
2: 640x384 1 court, 6.3ms
3: 640x384 (no detections), 6.3ms
4: 640x384 (no detections), 6.3ms
5: 640x384 (no detections), 6.3ms
6: 640x384 (no detections), 6.3ms
7: 640x384 (no detections), 6.3ms
8: 640x384 (no detections), 6.3ms
9: 640x384 (no detections), 6.3ms
10: 640x384 (no detections), 6.3ms
11: 640x384 1 court, 6.3ms
12: 640x384 1 court, 6.3ms
13: 640x384 1 court, 6.3ms
14: 640x384 1 court, 6.3ms
15: 640x384 1 court, 6.3ms
16: 640x384 1 court, 6.3ms
17: 640x384 1 court, 6.3ms
18: 640x384 1 court, 6.3ms
19: 640x384 1 court, 6.3ms
Speed: 0.7ms preprocess, 6.3ms inference, 0.2ms postprocess per image at shape (1, 3, 640, 384)

0: 640x384 1 court, 6.3ms
1: 640x384 1 court, 6.3ms
2: 640x384 1 court, 6.3ms
3: 640x384 1 court, 6.3ms
4: 640x384 2 courts, 6.3ms
5: 640x384 2 courts, 6.3ms
6: 640x384 1 court, 6.3ms
7: 640x384 3 courts, 6.3ms
8: 640x384 2 courts, 6.3ms
9: 640x384 2 courts, 6.3ms
10: 640x384 2 courts, 6.3ms
11: 640x384 2 courts, 6.3ms
12: 640x384 2 courts, 6.3ms
13: 640x384 2 courts, 6.3ms
14: 640x384 2 courts, 6.3ms
15: 640x384 2 courts, 6.3ms
16: 640x384 2 courts, 6.3ms
17: 640x384 2 courts, 6.3ms
18: 640x384 2 courts, 6.3ms
19: 640x384 2 courts, 6.3ms
Speed: 0.7ms preprocess, 6.3ms inference, 0.3ms postprocess per image at shape (1, 3, 640, 384)

0: 640x384 2 courts, 5.8ms
1: 640x384 2 courts, 5.8ms
2: 640x384 2 courts, 5.8ms
3: 640x384 2 courts, 5.8ms
4: 640x384 3 courts, 5.8ms
5: 640x384 3 courts, 5.8ms
6: 640x384 3 courts, 5.8ms
7: 640x384 3 courts, 5.8ms
8: 640x384 3 courts, 5.8ms
9: 640x384 3 courts, 5.8ms
10: 640x384 3 courts, 5.8ms
11: 640x384 3 courts, 5.8ms
Speed: 0.7ms preprocess, 5.8ms inference, 0.3ms postprocess per image at shape (1, 3, 640, 384)
INFO:     127.0.0.1:56602 - "GET /api/player/analysis/ee05dbdc-02df-475e-bf68-bc2ae8b4513c HTTP/1.1" 200 OK
INFO:     127.0.0.1:48096 - "GET /api/player/analysis/ee05dbdc-02df-475e-bf68-bc2ae8b4513c HTTP/1.1" 200 OK
INFO:     127.0.0.1:48108 - "GET /personal-output/ee05dbdc-02df-475e-bf68-bc2ae8b4513c_output.avi HTTP/1.1" 206 Partial Content
INFO:     127.0.0.1:48122 - "GET /api/player/notifications HTTP/1.1" 200 OK
INFO:     127.0.0.1:57264 - "GET /api/player/notifications HTTP/1.1" 200 OK
INFO:     127.0.0.1:58728 - "GET /api/player/notifications HTTP/1.1" 200 OK
INFO:     127.0.0.1:49654 - "GET /api/player/notifications HTTP/1.1" 200 OK
INFO:     127.0.0.1:39586 - "GET /api/player/notifications HTTP/1.1" 200 OK
INFO:     127.0.0.1:52260 - "GET /api/player/notifications HTTP/1.1" 200 OK
INFO:     127.0.0.1:38720 - "GET /api/player/notifications HTTP/1.1" 200 OK
INFO:     127.0.0.1:59346 - "GET /api/player/notifications HTTP/1.1" 200 OK
INFO:     127.0.0.1:52658 - "GET /api/player/notifications HTTP/1.1" 200 OK
INFO:     127.0.0.1:59532 - "GET /api/player/notifications HTTP/1.1" 200 OK
INFO:     127.0.0.1:53440 - "GET /api/health HTTP/1.1" 200 OK
INFO:     127.0.0.1:58958 - "GET /api/player/notifications HTTP/1.1" 200 OK
